[03-May-2021 02:13:47] ERROR: [pool www] please specify user and group other than root
[03-May-2021 02:13:47] ERROR: FPM initialization failed
[03-May-2021 02:13:48] ERROR: [pool www] please specify user and group other than root
[03-May-2021 02:13:48] ERROR: FPM initialization failed
[03-May-2021 02:13:49] ERROR: [pool www] please specify user and group other than root
[03-May-2021 02:13:49] ERROR: FPM initialization failed
[03-May-2021 02:13:50] ERROR: [pool www] please specify user and group other than root
[03-May-2021 02:13:50] ERROR: FPM initialization failed
[03-May-2021 02:13:51] ERROR: [pool www] please specify user and group other than root
[03-May-2021 02:13:51] ERROR: FPM initialization failed
[03-May-2021 02:13:52] ERROR: [pool www] please specify user and group other than root
[03-May-2021 02:13:52] ERROR: FPM initialization failed
[03-May-2021 02:13:53] ERROR: [pool www] please specify user and group other than root
[03-May-2021 02:13:53] ERROR: FPM initialization failed
[03-May-2021 02:13:54] ERROR: [pool www] please specify user and group other than root
[03-May-2021 02:13:54] ERROR: FPM initialization failed
[03-May-2021 02:13:55] ERROR: [pool www] please specify user and group other than root
[03-May-2021 02:13:55] ERROR: FPM initialization failed
[03-May-2021 02:13:56] ERROR: [pool www] please specify user and group other than root
[03-May-2021 02:13:56] ERROR: FPM initialization failed
[03-May-2021 02:13:57] ERROR: [pool www] please specify user and group other than root
[03-May-2021 02:13:57] ERROR: FPM initialization failed
[03-May-2021 02:13:58] ERROR: [pool www] please specify user and group other than root
[03-May-2021 02:13:58] ERROR: FPM initialization failed
[03-May-2021 02:13:59] ERROR: [pool www] please specify user and group other than root
[03-May-2021 02:13:59] ERROR: FPM initialization failed
[03-May-2021 02:14:00] ERROR: [pool www] please specify user and group other than root
[03-May-2021 02:14:00] ERROR: FPM initialization failed
[03-May-2021 02:14:01] ERROR: [pool www] please specify user and group other than root
[03-May-2021 02:14:01] ERROR: FPM initialization failed
[03-May-2021 02:14:02] ERROR: [pool www] please specify user and group other than root
[03-May-2021 02:14:02] ERROR: FPM initialization failed
[03-May-2021 02:14:03] ERROR: [pool www] please specify user and group other than root
[03-May-2021 02:14:03] ERROR: FPM initialization failed
[03-May-2021 02:14:04] ERROR: [pool www] please specify user and group other than root
[03-May-2021 02:14:04] ERROR: FPM initialization failed
[03-May-2021 02:14:05] ERROR: [pool www] please specify user and group other than root
[03-May-2021 02:14:05] ERROR: FPM initialization failed
[03-May-2021 02:14:06] ERROR: [pool www] please specify user and group other than root
[03-May-2021 02:14:06] ERROR: FPM initialization failed
[03-May-2021 02:14:07] ERROR: [pool www] please specify user and group other than root
[03-May-2021 02:14:07] ERROR: FPM initialization failed
[03-May-2021 02:14:08] ERROR: [pool www] please specify user and group other than root
[03-May-2021 02:14:08] ERROR: FPM initialization failed
[03-May-2021 02:14:09] ERROR: [pool www] please specify user and group other than root
[03-May-2021 02:14:09] ERROR: FPM initialization failed
[03-May-2021 02:14:10] ERROR: [pool www] please specify user and group other than root
[03-May-2021 02:14:10] ERROR: FPM initialization failed
[03-May-2021 02:14:11] ERROR: [pool www] please specify user and group other than root
[03-May-2021 02:14:11] ERROR: FPM initialization failed
[03-May-2021 02:14:12] ERROR: [pool www] please specify user and group other than root
[03-May-2021 02:14:12] ERROR: FPM initialization failed
[03-May-2021 02:14:13] ERROR: [pool www] please specify user and group other than root
[03-May-2021 02:14:13] ERROR: FPM initialization failed
[03-May-2021 02:14:14] ERROR: [pool www] please specify user and group other than root
[03-May-2021 02:14:14] ERROR: FPM initialization failed
[03-May-2021 02:14:15] ERROR: [pool www] please specify user and group other than root
[03-May-2021 02:14:15] ERROR: FPM initialization failed
[03-May-2021 02:14:16] ERROR: [pool www] please specify user and group other than root
[03-May-2021 02:14:16] ERROR: FPM initialization failed
[03-May-2021 02:14:17] ERROR: [pool www] please specify user and group other than root
[03-May-2021 02:14:17] ERROR: FPM initialization failed
[03-May-2021 02:14:18] ERROR: [pool www] please specify user and group other than root
[03-May-2021 02:14:18] ERROR: FPM initialization failed
[03-May-2021 02:14:19] ERROR: [pool www] please specify user and group other than root
[03-May-2021 02:14:19] ERROR: FPM initialization failed
[03-May-2021 02:14:20] ERROR: [pool www] please specify user and group other than root
[03-May-2021 02:14:20] ERROR: FPM initialization failed
[03-May-2021 02:14:21] ERROR: [pool www] please specify user and group other than root
[03-May-2021 02:14:21] ERROR: FPM initialization failed
[03-May-2021 02:14:22] ERROR: [pool www] please specify user and group other than root
[03-May-2021 02:14:22] ERROR: FPM initialization failed
[03-May-2021 02:14:23] ERROR: [pool www] please specify user and group other than root
[03-May-2021 02:14:23] ERROR: FPM initialization failed
[03-May-2021 02:14:24] ERROR: [pool www] please specify user and group other than root
[03-May-2021 02:14:24] ERROR: FPM initialization failed
[03-May-2021 02:14:25] ERROR: [pool www] please specify user and group other than root
[03-May-2021 02:14:25] ERROR: FPM initialization failed
[03-May-2021 02:14:26] ERROR: [pool www] please specify user and group other than root
[03-May-2021 02:14:26] ERROR: FPM initialization failed
[03-May-2021 02:14:27] ERROR: [pool www] please specify user and group other than root
[03-May-2021 02:14:27] ERROR: FPM initialization failed
[03-May-2021 02:14:28] ERROR: [pool www] please specify user and group other than root
[03-May-2021 02:14:28] ERROR: FPM initialization failed
[03-May-2021 02:14:29] ERROR: [pool www] please specify user and group other than root
[03-May-2021 02:14:29] ERROR: FPM initialization failed
[03-May-2021 02:14:30] ERROR: [pool www] please specify user and group other than root
[03-May-2021 02:14:30] ERROR: FPM initialization failed
[03-May-2021 02:14:31] ERROR: [pool www] please specify user and group other than root
[03-May-2021 02:14:31] ERROR: FPM initialization failed
[03-May-2021 02:14:32] ERROR: [pool www] please specify user and group other than root
[03-May-2021 02:14:32] ERROR: FPM initialization failed
[03-May-2021 02:14:33] ERROR: [pool www] please specify user and group other than root
[03-May-2021 02:14:33] ERROR: FPM initialization failed
[03-May-2021 02:14:34] ERROR: [pool www] please specify user and group other than root
[03-May-2021 02:14:34] ERROR: FPM initialization failed
[03-May-2021 02:14:35] ERROR: [pool www] please specify user and group other than root
[03-May-2021 02:14:35] ERROR: FPM initialization failed
[03-May-2021 02:14:36] ERROR: [pool www] please specify user and group other than root
[03-May-2021 02:14:36] ERROR: FPM initialization failed
[03-May-2021 02:14:37] ERROR: [pool www] please specify user and group other than root
[03-May-2021 02:14:37] ERROR: FPM initialization failed
[03-May-2021 02:14:38] ERROR: [pool www] please specify user and group other than root
[03-May-2021 02:14:38] ERROR: FPM initialization failed
[03-May-2021 02:14:39] ERROR: [pool www] please specify user and group other than root
[03-May-2021 02:14:39] ERROR: FPM initialization failed
[03-May-2021 02:14:40] ERROR: [pool www] please specify user and group other than root
[03-May-2021 02:14:40] ERROR: FPM initialization failed
[03-May-2021 02:14:41] ERROR: [pool www] please specify user and group other than root
[03-May-2021 02:14:41] ERROR: FPM initialization failed
[03-May-2021 02:14:42] ERROR: [pool www] please specify user and group other than root
[03-May-2021 02:14:42] ERROR: FPM initialization failed
[03-May-2021 02:14:43] ERROR: [pool www] please specify user and group other than root
[03-May-2021 02:14:43] ERROR: FPM initialization failed
[03-May-2021 02:14:44] ERROR: [pool www] please specify user and group other than root
[03-May-2021 02:14:44] ERROR: FPM initialization failed
[03-May-2021 02:14:45] ERROR: [pool www] please specify user and group other than root
[03-May-2021 02:14:45] ERROR: FPM initialization failed
[03-May-2021 02:14:46] ERROR: [pool www] please specify user and group other than root
[03-May-2021 02:14:46] ERROR: FPM initialization failed
[03-May-2021 02:14:47] ERROR: [pool www] please specify user and group other than root
[03-May-2021 02:14:47] ERROR: FPM initialization failed
[03-May-2021 02:14:48] ERROR: [pool www] please specify user and group other than root
[03-May-2021 02:14:48] ERROR: FPM initialization failed
[03-May-2021 02:14:49] ERROR: [pool www] please specify user and group other than root
[03-May-2021 02:14:49] ERROR: FPM initialization failed
[03-May-2021 02:14:50] ERROR: [pool www] please specify user and group other than root
[03-May-2021 02:14:50] ERROR: FPM initialization failed
[03-May-2021 02:14:51] ERROR: [pool www] please specify user and group other than root
[03-May-2021 02:14:51] ERROR: FPM initialization failed
[03-May-2021 02:14:52] ERROR: [pool www] please specify user and group other than root
[03-May-2021 02:14:52] ERROR: FPM initialization failed
[03-May-2021 02:14:53] ERROR: [pool www] please specify user and group other than root
[03-May-2021 02:14:53] ERROR: FPM initialization failed
[03-May-2021 02:14:54] ERROR: [pool www] please specify user and group other than root
[03-May-2021 02:14:54] ERROR: FPM initialization failed
[03-May-2021 02:14:55] ERROR: [pool www] please specify user and group other than root
[03-May-2021 02:14:55] ERROR: FPM initialization failed
[03-May-2021 02:14:56] ERROR: [pool www] please specify user and group other than root
[03-May-2021 02:14:56] ERROR: FPM initialization failed
[03-May-2021 02:14:57] ERROR: [pool www] please specify user and group other than root
[03-May-2021 02:14:57] ERROR: FPM initialization failed
[03-May-2021 02:14:58] ERROR: [pool www] please specify user and group other than root
[03-May-2021 02:14:58] ERROR: FPM initialization failed
[03-May-2021 02:14:59] ERROR: [pool www] please specify user and group other than root
[03-May-2021 02:14:59] ERROR: FPM initialization failed
[03-May-2021 02:15:00] ERROR: [pool www] please specify user and group other than root
[03-May-2021 02:15:00] ERROR: FPM initialization failed
[03-May-2021 02:15:01] ERROR: [pool www] please specify user and group other than root
[03-May-2021 02:15:01] ERROR: FPM initialization failed
[03-May-2021 02:15:02] ERROR: [pool www] please specify user and group other than root
[03-May-2021 02:15:02] ERROR: FPM initialization failed
[03-May-2021 02:15:03] ERROR: [pool www] please specify user and group other than root
[03-May-2021 02:15:03] ERROR: FPM initialization failed
[03-May-2021 02:15:04] ERROR: [pool www] please specify user and group other than root
[03-May-2021 02:15:04] ERROR: FPM initialization failed
[03-May-2021 02:15:05] ERROR: [pool www] please specify user and group other than root
[03-May-2021 02:15:05] ERROR: FPM initialization failed
[03-May-2021 02:15:06] ERROR: [pool www] please specify user and group other than root
[03-May-2021 02:15:06] ERROR: FPM initialization failed
[03-May-2021 02:15:07] ERROR: [pool www] please specify user and group other than root
[03-May-2021 02:15:07] ERROR: FPM initialization failed
[03-May-2021 02:15:08] ERROR: [pool www] please specify user and group other than root
[03-May-2021 02:15:08] ERROR: FPM initialization failed
[03-May-2021 02:15:09] ERROR: [pool www] please specify user and group other than root
[03-May-2021 02:15:09] ERROR: FPM initialization failed
[03-May-2021 02:15:10] ERROR: [pool www] please specify user and group other than root
[03-May-2021 02:15:10] ERROR: FPM initialization failed
[03-May-2021 02:15:11] ERROR: [pool www] please specify user and group other than root
[03-May-2021 02:15:11] ERROR: FPM initialization failed
[03-May-2021 02:15:12] ERROR: [pool www] please specify user and group other than root
[03-May-2021 02:15:12] ERROR: FPM initialization failed
[03-May-2021 02:15:13] ERROR: [pool www] please specify user and group other than root
[03-May-2021 02:15:13] ERROR: FPM initialization failed
[03-May-2021 02:15:14] ERROR: [pool www] please specify user and group other than root
[03-May-2021 02:15:14] ERROR: FPM initialization failed
[03-May-2021 02:15:15] ERROR: [pool www] please specify user and group other than root
[03-May-2021 02:15:15] ERROR: FPM initialization failed
[03-May-2021 02:15:16] ERROR: [pool www] please specify user and group other than root
[03-May-2021 02:15:16] ERROR: FPM initialization failed
[03-May-2021 02:15:17] ERROR: [pool www] please specify user and group other than root
[03-May-2021 02:15:17] ERROR: FPM initialization failed
[03-May-2021 02:15:18] ERROR: [pool www] please specify user and group other than root
[03-May-2021 02:15:18] ERROR: FPM initialization failed
[03-May-2021 02:15:19] ERROR: [pool www] please specify user and group other than root
[03-May-2021 02:15:19] ERROR: FPM initialization failed
[03-May-2021 02:15:20] ERROR: [pool www] please specify user and group other than root
[03-May-2021 02:15:20] ERROR: FPM initialization failed
[03-May-2021 02:15:21] ERROR: [pool www] please specify user and group other than root
[03-May-2021 02:15:21] ERROR: FPM initialization failed
[03-May-2021 02:15:22] ERROR: [pool www] please specify user and group other than root
[03-May-2021 02:15:22] ERROR: FPM initialization failed
[03-May-2021 02:15:23] ERROR: [pool www] please specify user and group other than root
[03-May-2021 02:15:23] ERROR: FPM initialization failed
[03-May-2021 02:15:24] ERROR: [pool www] please specify user and group other than root
[03-May-2021 02:15:24] ERROR: FPM initialization failed
[03-May-2021 02:15:25] ERROR: [pool www] please specify user and group other than root
[03-May-2021 02:15:25] ERROR: FPM initialization failed
[03-May-2021 02:15:26] ERROR: [pool www] please specify user and group other than root
[03-May-2021 02:15:26] ERROR: FPM initialization failed
[03-May-2021 02:15:27] ERROR: [pool www] please specify user and group other than root
[03-May-2021 02:15:27] ERROR: FPM initialization failed
[03-May-2021 02:15:28] ERROR: [pool www] please specify user and group other than root
[03-May-2021 02:15:28] ERROR: FPM initialization failed
[03-May-2021 02:15:29] ERROR: [pool www] please specify user and group other than root
[03-May-2021 02:15:29] ERROR: FPM initialization failed
[03-May-2021 02:15:30] ERROR: [pool www] please specify user and group other than root
[03-May-2021 02:15:30] ERROR: FPM initialization failed
[03-May-2021 02:15:31] ERROR: [pool www] please specify user and group other than root
[03-May-2021 02:15:31] ERROR: FPM initialization failed
[03-May-2021 02:15:32] ERROR: [pool www] please specify user and group other than root
[03-May-2021 02:15:32] ERROR: FPM initialization failed
[03-May-2021 02:15:33] ERROR: [pool www] please specify user and group other than root
[03-May-2021 02:15:33] ERROR: FPM initialization failed
[03-May-2021 02:15:34] ERROR: [pool www] please specify user and group other than root
[03-May-2021 02:15:34] ERROR: FPM initialization failed
[03-May-2021 02:15:35] ERROR: [pool www] please specify user and group other than root
[03-May-2021 02:15:35] ERROR: FPM initialization failed
[03-May-2021 02:15:36] ERROR: [pool www] please specify user and group other than root
[03-May-2021 02:15:36] ERROR: FPM initialization failed
[03-May-2021 02:15:37] ERROR: [pool www] please specify user and group other than root
[03-May-2021 02:15:37] ERROR: FPM initialization failed
[03-May-2021 02:15:38] ERROR: [pool www] please specify user and group other than root
[03-May-2021 02:15:38] ERROR: FPM initialization failed
[03-May-2021 02:15:39] ERROR: [pool www] please specify user and group other than root
[03-May-2021 02:15:39] ERROR: FPM initialization failed
[03-May-2021 02:15:40] ERROR: [pool www] please specify user and group other than root
[03-May-2021 02:15:40] ERROR: FPM initialization failed
[03-May-2021 02:15:41] ERROR: [pool www] please specify user and group other than root
[03-May-2021 02:15:41] ERROR: FPM initialization failed
[03-May-2021 02:15:42] ERROR: [pool www] please specify user and group other than root
[03-May-2021 02:15:42] ERROR: FPM initialization failed
[03-May-2021 02:15:43] ERROR: [pool www] please specify user and group other than root
[03-May-2021 02:15:43] ERROR: FPM initialization failed
[03-May-2021 02:15:44] ERROR: [pool www] please specify user and group other than root
[03-May-2021 02:15:44] ERROR: FPM initialization failed
[03-May-2021 02:15:45] ERROR: [pool www] please specify user and group other than root
[03-May-2021 02:15:45] ERROR: FPM initialization failed
[03-May-2021 02:15:46] ERROR: [pool www] please specify user and group other than root
[03-May-2021 02:15:46] ERROR: FPM initialization failed
[03-May-2021 02:15:47] ERROR: [pool www] please specify user and group other than root
[03-May-2021 02:15:47] ERROR: FPM initialization failed
[03-May-2021 02:15:48] ERROR: [pool www] please specify user and group other than root
[03-May-2021 02:15:48] ERROR: FPM initialization failed
[03-May-2021 02:15:49] ERROR: [pool www] please specify user and group other than root
[03-May-2021 02:15:49] ERROR: FPM initialization failed
[03-May-2021 02:15:50] ERROR: [pool www] please specify user and group other than root
[03-May-2021 02:15:50] ERROR: FPM initialization failed
[03-May-2021 02:15:51] ERROR: [pool www] please specify user and group other than root
[03-May-2021 02:15:51] ERROR: FPM initialization failed
[03-May-2021 02:15:52] ERROR: [pool www] please specify user and group other than root
[03-May-2021 02:15:52] ERROR: FPM initialization failed
[03-May-2021 02:15:53] ERROR: [pool www] please specify user and group other than root
[03-May-2021 02:15:53] ERROR: FPM initialization failed
[03-May-2021 02:15:54] ERROR: [pool www] please specify user and group other than root
[03-May-2021 02:15:54] ERROR: FPM initialization failed
[03-May-2021 02:15:55] ERROR: [pool www] please specify user and group other than root
[03-May-2021 02:15:55] ERROR: FPM initialization failed
[03-May-2021 02:15:56] ERROR: [pool www] please specify user and group other than root
[03-May-2021 02:15:56] ERROR: FPM initialization failed
[03-May-2021 02:15:57] ERROR: [pool www] please specify user and group other than root
[03-May-2021 02:15:57] ERROR: FPM initialization failed
[03-May-2021 02:15:58] ERROR: [pool www] please specify user and group other than root
[03-May-2021 02:15:58] ERROR: FPM initialization failed
[03-May-2021 02:15:59] ERROR: [pool www] please specify user and group other than root
[03-May-2021 02:15:59] ERROR: FPM initialization failed
[03-May-2021 02:16:00] ERROR: [pool www] please specify user and group other than root
[03-May-2021 02:16:00] ERROR: FPM initialization failed
[03-May-2021 02:16:01] ERROR: [pool www] please specify user and group other than root
[03-May-2021 02:16:01] ERROR: FPM initialization failed
[03-May-2021 02:16:02] ERROR: [pool www] please specify user and group other than root
[03-May-2021 02:16:02] ERROR: FPM initialization failed
[03-May-2021 02:16:03] ERROR: [pool www] please specify user and group other than root
[03-May-2021 02:16:03] ERROR: FPM initialization failed
[03-May-2021 02:16:04] ERROR: [pool www] please specify user and group other than root
[03-May-2021 02:16:04] ERROR: FPM initialization failed
[03-May-2021 02:16:05] ERROR: [pool www] please specify user and group other than root
[03-May-2021 02:16:05] ERROR: FPM initialization failed
[03-May-2021 02:16:06] ERROR: [pool www] please specify user and group other than root
[03-May-2021 02:16:06] ERROR: FPM initialization failed
[03-May-2021 02:16:07] ERROR: [pool www] please specify user and group other than root
[03-May-2021 02:16:07] ERROR: FPM initialization failed
[03-May-2021 02:16:08] ERROR: [pool www] please specify user and group other than root
[03-May-2021 02:16:08] ERROR: FPM initialization failed
[03-May-2021 02:16:09] ERROR: [pool www] please specify user and group other than root
[03-May-2021 02:16:09] ERROR: FPM initialization failed
[03-May-2021 02:16:10] ERROR: [pool www] please specify user and group other than root
[03-May-2021 02:16:10] ERROR: FPM initialization failed
[03-May-2021 02:16:11] ERROR: [pool www] please specify user and group other than root
[03-May-2021 02:16:11] ERROR: FPM initialization failed
[03-May-2021 02:16:12] ERROR: [pool www] please specify user and group other than root
[03-May-2021 02:16:12] ERROR: FPM initialization failed
[03-May-2021 02:16:13] ERROR: [pool www] please specify user and group other than root
[03-May-2021 02:16:13] ERROR: FPM initialization failed
[03-May-2021 02:16:14] ERROR: [pool www] please specify user and group other than root
[03-May-2021 02:16:14] ERROR: FPM initialization failed
[03-May-2021 02:16:15] ERROR: [pool www] please specify user and group other than root
[03-May-2021 02:16:15] ERROR: FPM initialization failed
[03-May-2021 02:16:16] ERROR: [pool www] please specify user and group other than root
[03-May-2021 02:16:16] ERROR: FPM initialization failed
[03-May-2021 02:16:17] ERROR: [pool www] please specify user and group other than root
[03-May-2021 02:16:17] ERROR: FPM initialization failed
[03-May-2021 02:16:18] ERROR: [pool www] please specify user and group other than root
[03-May-2021 02:16:18] ERROR: FPM initialization failed
[03-May-2021 02:16:19] ERROR: [pool www] please specify user and group other than root
[03-May-2021 02:16:19] ERROR: FPM initialization failed
[03-May-2021 02:16:20] ERROR: [pool www] please specify user and group other than root
[03-May-2021 02:16:20] ERROR: FPM initialization failed
[03-May-2021 02:16:21] ERROR: [pool www] please specify user and group other than root
[03-May-2021 02:16:21] ERROR: FPM initialization failed
[03-May-2021 02:16:52] NOTICE: fpm is running, pid 348
[03-May-2021 02:16:52] NOTICE: ready to handle connections
[03-May-2021 02:59:25] NOTICE: Terminating ...
[03-May-2021 02:59:25] NOTICE: exiting, bye-bye!
[03-May-2021 02:59:33] NOTICE: fpm is running, pid 330
[03-May-2021 02:59:33] NOTICE: ready to handle connections
[03-May-2021 03:12:40] NOTICE: Terminating ...
[03-May-2021 03:12:40] NOTICE: exiting, bye-bye!
